{"C:\\Users\\Nasr\\Desktop\\reusable-components\\src\\components\\shared\\card\\AtlasCard.vue": {"path":"C:\\Users\\Nasr\\Desktop\\reusable-components\\src\\components\\shared\\card\\AtlasCard.vue","statementMap":{"0":{"start":{"line":24,"column":0},"end":{"line":24,"column":null}}},"fnMap":{"0":{"name":"(anonymous_1)","decl":{"start":{"line":23,"column":0},"end":{"line":23,"column":null}},"loc":{"start":{"line":23,"column":0},"end":{"line":25,"column":null}}}},"branchMap":{},"s":{"0":3},"f":{"0":3},"b":{}}
,"C:\\Users\\Nasr\\Desktop\\reusable-components\\src\\components\\shared\\filters\\AtlasFilter.vue": {"path":"C:\\Users\\Nasr\\Desktop\\reusable-components\\src\\components\\shared\\filters\\AtlasFilter.vue","statementMap":{"0":{"start":{"line":188,"column":0},"end":{"line":188,"column":null}},"1":{"start":{"line":274,"column":0},"end":{"line":274,"column":null}},"2":{"start":{"line":278,"column":0},"end":{"line":278,"column":null}},"3":{"start":{"line":279,"column":0},"end":{"line":279,"column":null}},"4":{"start":{"line":281,"column":0},"end":{"line":292,"column":null}},"5":{"start":{"line":283,"column":0},"end":{"line":291,"column":null}},"6":{"start":{"line":285,"column":0},"end":{"line":290,"column":null}},"7":{"start":{"line":286,"column":0},"end":{"line":286,"column":null}},"8":{"start":{"line":288,"column":0},"end":{"line":288,"column":null}},"9":{"start":{"line":289,"column":0},"end":{"line":289,"column":null}},"10":{"start":{"line":294,"column":0},"end":{"line":294,"column":null}},"11":{"start":{"line":299,"column":0},"end":{"line":299,"column":null}},"12":{"start":{"line":300,"column":0},"end":{"line":300,"column":null}},"13":{"start":{"line":314,"column":0},"end":{"line":320,"column":null}},"14":{"start":{"line":315,"column":0},"end":{"line":315,"column":null}},"15":{"start":{"line":316,"column":0},"end":{"line":320,"column":null}},"16":{"start":{"line":317,"column":0},"end":{"line":317,"column":null}},"17":{"start":{"line":318,"column":0},"end":{"line":320,"column":null}},"18":{"start":{"line":319,"column":0},"end":{"line":319,"column":null}},"19":{"start":{"line":323,"column":0},"end":{"line":323,"column":null}},"20":{"start":{"line":329,"column":0},"end":{"line":329,"column":null}},"21":{"start":{"line":337,"column":0},"end":{"line":337,"column":null}}},"fnMap":{"0":{"name":"(anonymous_1)","decl":{"start":{"line":184,"column":0},"end":{"line":184,"column":null}},"loc":{"start":{"line":184,"column":0},"end":{"line":184,"column":null}}},"1":{"name":"(anonymous_2)","decl":{"start":{"line":187,"column":0},"end":{"line":187,"column":null}},"loc":{"start":{"line":187,"column":0},"end":{"line":272,"column":null}}},"2":{"name":"(anonymous_3)","decl":{"start":{"line":273,"column":0},"end":{"line":273,"column":null}},"loc":{"start":{"line":273,"column":0},"end":{"line":275,"column":null}}},"3":{"name":"(anonymous_4)","decl":{"start":{"line":277,"column":0},"end":{"line":277,"column":null}},"loc":{"start":{"line":277,"column":0},"end":{"line":301,"column":null}}},"4":{"name":"(anonymous_5)","decl":{"start":{"line":306,"column":0},"end":{"line":306,"column":null}},"loc":{"start":{"line":306,"column":0},"end":{"line":321,"column":null}}},"5":{"name":"(anonymous_6)","decl":{"start":{"line":322,"column":0},"end":{"line":322,"column":null}},"loc":{"start":{"line":322,"column":0},"end":{"line":355,"column":null}}}},"branchMap":{"0":{"loc":{"start":{"line":283,"column":0},"end":{"line":291,"column":null}},"type":"if","locations":[{"start":{"line":283,"column":0},"end":{"line":291,"column":null}},{"start":{"line":283,"column":0},"end":{"line":291,"column":null}}]},"1":{"loc":{"start":{"line":285,"column":0},"end":{"line":290,"column":null}},"type":"if","locations":[{"start":{"line":285,"column":0},"end":{"line":290,"column":null}},{"start":{"line":285,"column":0},"end":{"line":290,"column":null}}]},"2":{"loc":{"start":{"line":314,"column":0},"end":{"line":320,"column":null}},"type":"if","locations":[{"start":{"line":314,"column":0},"end":{"line":320,"column":null}},{"start":{"line":314,"column":0},"end":{"line":320,"column":null}}]},"3":{"loc":{"start":{"line":316,"column":0},"end":{"line":320,"column":null}},"type":"if","locations":[{"start":{"line":316,"column":0},"end":{"line":320,"column":null}},{"start":{"line":316,"column":0},"end":{"line":320,"column":null}}]},"4":{"loc":{"start":{"line":318,"column":0},"end":{"line":320,"column":null}},"type":"if","locations":[{"start":{"line":318,"column":0},"end":{"line":320,"column":null}},{"start":{"line":318,"column":0},"end":{"line":320,"column":null}}]}},"s":{"0":8,"1":8,"2":3,"3":3,"4":3,"5":9,"6":3,"7":0,"8":3,"9":3,"10":3,"11":3,"12":3,"13":2,"14":0,"15":2,"16":0,"17":2,"18":2,"19":11,"20":11,"21":11},"f":{"0":1,"1":8,"2":8,"3":3,"4":2,"5":11},"b":{"0":[3,6],"1":[0,3],"2":[0,2],"3":[0,2],"4":[2,0]}}
,"C:\\Users\\Nasr\\Desktop\\reusable-components\\src\\components\\shared\\forms\\AtlasValidationForm.vue": {"path":"C:\\Users\\Nasr\\Desktop\\reusable-components\\src\\components\\shared\\forms\\AtlasValidationForm.vue","statementMap":{"0":{"start":{"line":36,"column":0},"end":{"line":36,"column":null}},"1":{"start":{"line":44,"column":0},"end":{"line":44,"column":null}},"2":{"start":{"line":45,"column":0},"end":{"line":45,"column":null}}},"fnMap":{"0":{"name":"(anonymous_1)","decl":{"start":{"line":35,"column":0},"end":{"line":35,"column":null}},"loc":{"start":{"line":35,"column":0},"end":{"line":37,"column":null}}},"1":{"name":"(anonymous_2)","decl":{"start":{"line":39,"column":0},"end":{"line":39,"column":null}},"loc":{"start":{"line":39,"column":0},"end":{"line":46,"column":null}}}},"branchMap":{},"s":{"0":3,"1":1,"2":1},"f":{"0":3,"1":1},"b":{}}
,"C:\\Users\\Nasr\\Desktop\\reusable-components\\src\\components\\shared\\inputs\\AtlasInput.vue": {"path":"C:\\Users\\Nasr\\Desktop\\reusable-components\\src\\components\\shared\\inputs\\AtlasInput.vue","statementMap":{"0":{"start":{"line":128,"column":0},"end":{"line":128,"column":null}},"1":{"start":{"line":250,"column":0},"end":{"line":250,"column":null}},"2":{"start":{"line":299,"column":0},"end":{"line":299,"column":null}},"3":{"start":{"line":303,"column":0},"end":{"line":303,"column":null}},"4":{"start":{"line":309,"column":0},"end":{"line":309,"column":null}},"5":{"start":{"line":316,"column":0},"end":{"line":316,"column":null}},"6":{"start":{"line":323,"column":0},"end":{"line":323,"column":null}}},"fnMap":{"0":{"name":"(anonymous_1)","decl":{"start":{"line":250,"column":0},"end":{"line":250,"column":null}},"loc":{"start":{"line":250,"column":0},"end":{"line":250,"column":null}}},"1":{"name":"(anonymous_2)","decl":{"start":{"line":299,"column":0},"end":{"line":299,"column":null}},"loc":{"start":{"line":299,"column":0},"end":{"line":299,"column":null}}},"2":{"name":"(anonymous_3)","decl":{"start":{"line":302,"column":0},"end":{"line":302,"column":null}},"loc":{"start":{"line":302,"column":0},"end":{"line":306,"column":null}}},"3":{"name":"(anonymous_4)","decl":{"start":{"line":308,"column":0},"end":{"line":308,"column":null}},"loc":{"start":{"line":308,"column":0},"end":{"line":310,"column":null}}},"4":{"name":"(anonymous_5)","decl":{"start":{"line":311,"column":0},"end":{"line":311,"column":null}},"loc":{"start":{"line":311,"column":0},"end":{"line":317,"column":null}}},"5":{"name":"(anonymous_6)","decl":{"start":{"line":318,"column":0},"end":{"line":318,"column":null}},"loc":{"start":{"line":318,"column":0},"end":{"line":327,"column":null}}}},"branchMap":{"0":{"loc":{"start":{"line":308,"column":0},"end":{"line":308,"column":null}},"type":"default-arg","locations":[{"start":{"line":308,"column":0},"end":{"line":308,"column":null}}]},"1":{"loc":{"start":{"line":309,"column":0},"end":{"line":309,"column":null}},"type":"cond-expr","locations":[{"start":{"line":309,"column":0},"end":{"line":309,"column":null}},{"start":{"line":309,"column":0},"end":{"line":309,"column":null}}]}},"s":{"0":1,"1":6,"2":8,"3":8,"4":14,"5":1,"6":0},"f":{"0":6,"1":8,"2":8,"3":14,"4":1,"5":0},"b":{"0":[0],"1":[16,24]}}
,"C:\\Users\\Nasr\\Desktop\\reusable-components\\src\\components\\shared\\table\\AtlasTable.vue": {"path":"C:\\Users\\Nasr\\Desktop\\reusable-components\\src\\components\\shared\\table\\AtlasTable.vue","statementMap":{"0":{"start":{"line":434,"column":0},"end":{"line":434,"column":null}},"1":{"start":{"line":450,"column":0},"end":{"line":454,"column":null}},"2":{"start":{"line":450,"column":0},"end":{"line":450,"column":null}},"3":{"start":{"line":453,"column":0},"end":{"line":453,"column":null}},"4":{"start":{"line":459,"column":0},"end":{"line":459,"column":null}},"5":{"start":{"line":467,"column":0},"end":{"line":467,"column":null}},"6":{"start":{"line":473,"column":0},"end":{"line":473,"column":null}},"7":{"start":{"line":474,"column":0},"end":{"line":474,"column":null}},"8":{"start":{"line":477,"column":0},"end":{"line":477,"column":null}},"9":{"start":{"line":482,"column":0},"end":{"line":482,"column":null}}},"fnMap":{"0":{"name":"(anonymous_1)","decl":{"start":{"line":433,"column":0},"end":{"line":433,"column":null}},"loc":{"start":{"line":433,"column":0},"end":{"line":446,"column":null}}},"1":{"name":"(anonymous_2)","decl":{"start":{"line":448,"column":0},"end":{"line":448,"column":null}},"loc":{"start":{"line":448,"column":0},"end":{"line":455,"column":null}}},"2":{"name":"(anonymous_3)","decl":{"start":{"line":450,"column":0},"end":{"line":450,"column":null}},"loc":{"start":{"line":450,"column":0},"end":{"line":450,"column":null}}},"3":{"name":"(anonymous_5)","decl":{"start":{"line":458,"column":0},"end":{"line":458,"column":null}},"loc":{"start":{"line":458,"column":0},"end":{"line":462,"column":null}}},"4":{"name":"(anonymous_6)","decl":{"start":{"line":464,"column":0},"end":{"line":464,"column":null}},"loc":{"start":{"line":464,"column":0},"end":{"line":469,"column":null}}},"5":{"name":"(anonymous_7)","decl":{"start":{"line":471,"column":0},"end":{"line":471,"column":null}},"loc":{"start":{"line":471,"column":0},"end":{"line":475,"column":null}}},"6":{"name":"(anonymous_8)","decl":{"start":{"line":476,"column":0},"end":{"line":476,"column":null}},"loc":{"start":{"line":476,"column":0},"end":{"line":483,"column":null}}}},"branchMap":{"0":{"loc":{"start":{"line":459,"column":0},"end":{"line":459,"column":null}},"type":"cond-expr","locations":[{"start":{"line":459,"column":0},"end":{"line":459,"column":null}},{"start":{"line":459,"column":0},"end":{"line":459,"column":null}}]}},"s":{"0":11,"1":1,"2":3,"3":2,"4":2,"5":11,"6":1,"7":1,"8":1,"9":1},"f":{"0":11,"1":1,"2":5,"3":2,"4":11,"5":1,"6":1},"b":{"0":[1,1]}}
}
