TN:
SF:C:\Users\Nasr\Desktop\reusable-components\src\components\shared\card\AtlasCard.vue
FN:23,(anonymous_1)
FNF:1
FNH:1
FNDA:3,(anonymous_1)
DA:24,3
LF:1
LH:1
BRF:0
BRH:0
end_of_record
TN:
SF:C:\Users\Nasr\Desktop\reusable-components\src\components\shared\filters\AtlasFilter.vue
FN:184,(anonymous_1)
FN:187,(anonymous_2)
FN:273,(anonymous_3)
FN:277,(anonymous_4)
FN:306,(anonymous_5)
FN:322,(anonymous_6)
FNF:6
FNH:6
FNDA:1,(anonymous_1)
FNDA:8,(anonymous_2)
FNDA:8,(anonymous_3)
FNDA:3,(anonymous_4)
FNDA:2,(anonymous_5)
FNDA:11,(anonymous_6)
DA:188,8
DA:274,8
DA:278,3
DA:279,3
DA:281,3
DA:283,9
DA:285,3
DA:286,0
DA:288,3
DA:289,3
DA:294,3
DA:299,3
DA:300,3
DA:314,2
DA:315,0
DA:316,2
DA:317,0
DA:318,2
DA:319,2
DA:323,11
DA:329,11
DA:337,11
LF:22
LH:19
BRDA:283,0,0,3
BRDA:283,0,1,6
BRDA:285,1,0,0
BRDA:285,1,1,3
BRDA:314,2,0,0
BRDA:314,2,1,2
BRDA:316,3,0,0
BRDA:316,3,1,2
BRDA:318,4,0,2
BRDA:318,4,1,0
BRF:10
BRH:6
end_of_record
TN:
SF:C:\Users\Nasr\Desktop\reusable-components\src\components\shared\forms\AtlasValidationForm.vue
FN:35,(anonymous_1)
FN:39,(anonymous_2)
FNF:2
FNH:2
FNDA:3,(anonymous_1)
FNDA:1,(anonymous_2)
DA:36,3
DA:44,1
DA:45,1
LF:3
LH:3
BRF:0
BRH:0
end_of_record
TN:
SF:C:\Users\Nasr\Desktop\reusable-components\src\components\shared\inputs\AtlasInput.vue
FN:250,(anonymous_1)
FN:299,(anonymous_2)
FN:302,(anonymous_3)
FN:308,(anonymous_4)
FN:311,(anonymous_5)
FN:318,(anonymous_6)
FNF:6
FNH:5
FNDA:6,(anonymous_1)
FNDA:8,(anonymous_2)
FNDA:8,(anonymous_3)
FNDA:14,(anonymous_4)
FNDA:1,(anonymous_5)
FNDA:0,(anonymous_6)
DA:128,1
DA:250,6
DA:299,8
DA:303,8
DA:309,14
DA:316,1
DA:323,0
LF:7
LH:6
BRDA:308,0,0,0
BRDA:309,1,0,16
BRDA:309,1,1,24
BRF:3
BRH:2
end_of_record
TN:
SF:C:\Users\Nasr\Desktop\reusable-components\src\components\shared\table\AtlasTable.vue
FN:433,(anonymous_1)
FN:448,(anonymous_2)
FN:450,(anonymous_3)
FN:458,(anonymous_5)
FN:464,(anonymous_6)
FN:471,(anonymous_7)
FN:476,(anonymous_8)
FNF:7
FNH:7
FNDA:11,(anonymous_1)
FNDA:1,(anonymous_2)
FNDA:5,(anonymous_3)
FNDA:2,(anonymous_5)
FNDA:11,(anonymous_6)
FNDA:1,(anonymous_7)
FNDA:1,(anonymous_8)
DA:434,11
DA:450,3
DA:453,2
DA:459,2
DA:467,11
DA:473,1
DA:474,1
DA:477,1
DA:482,1
LF:9
LH:9
BRDA:459,0,0,1
BRDA:459,0,1,1
BRF:2
BRH:2
end_of_record
